2019-08-13 14:18:18,787 INFO a.s.p.LogginServlet [http-nio-8081-exec-1] Trying to log in 
2019-08-13 14:27:10,420 INFO a.s.p.LangServlet [http-nio-8081-exec-4] choose russian language 
2019-08-13 14:27:17,246 INFO a.s.p.LogginServlet [http-nio-8081-exec-9] Trying to log in 
2019-08-13 14:27:17,914 ERROR a.s.p.LogginServlet [http-nio-8081-exec-9] user is not found in database 
2019-08-13 14:29:20,009 INFO a.s.p.LangServlet [http-nio-8081-exec-5] choose russian language 
2019-08-13 14:29:29,772 INFO a.s.f.AuthenticationFilter [http-nio-8081-exec-3] Unauthorized access request 
2019-08-13 14:33:04,876 INFO a.s.p.LangServlet [http-nio-8081-exec-4] choose russian language 
2019-08-13 14:33:07,618 INFO a.s.p.LogginServlet [http-nio-8081-exec-7] Trying to log in 
2019-08-13 14:33:09,901 INFO a.s.p.LogoutServlet [http-nio-8081-exec-9] User="+session.getAttribute("user") is logging out 
2019-08-13 14:34:49,896 INFO a.s.p.LangServlet [http-nio-8081-exec-6] choose russian language 
2019-08-13 14:34:56,179 INFO a.s.p.LogginServlet [http-nio-8081-exec-10] Trying to log in 
2019-08-13 14:34:58,018 INFO a.s.p.LogoutServlet [http-nio-8081-exec-2] User=User{id=1, name='&#1048;&#1083;&#1100;&#1103;', nickname='GUNSEFUL', password='hrKMHGl0wEqqkly6ocmQmA==', isAdministrator=true, basket=} is out 
2019-08-13 14:43:47,761 INFO a.s.p.LangServlet [http-nio-8081-exec-10] choose russian language 
2019-08-13 14:43:50,528 INFO a.s.p.LogginServlet [http-nio-8081-exec-5] Trying to log in 
2019-08-13 14:43:51,144 INFO a.s.p.LogginServlet [http-nio-8081-exec-5] User=2 have been log in 
2019-08-13 14:43:52,595 INFO a.s.p.LogoutServlet [http-nio-8081-exec-7] User=2 is out 
2019-08-13 18:03:58,839 INFO a.s.f.AuthenticationFilter [http-nio-8081-exec-5] Unauthorized access request 
2019-08-13 18:03:59,352 INFO a.s.f.AuthenticationFilter [http-nio-8081-exec-6] Unauthorized access request 
2019-08-13 18:04:00,437 INFO a.s.p.LangServlet [http-nio-8081-exec-8] selected russian language 
2019-08-13 18:04:00,496 INFO a.s.f.AuthenticationFilter [http-nio-8081-exec-10] Unauthorized access request 
2019-08-13 18:04:00,662 INFO a.s.f.AuthenticationFilter [http-nio-8081-exec-3] Unauthorized access request 
2019-08-13 18:04:01,731 INFO a.s.f.AuthenticationFilter [http-nio-8081-exec-4] Unauthorized access request 
2019-08-13 18:04:01,871 INFO a.s.f.AuthenticationFilter [http-nio-8081-exec-7] Unauthorized access request 
2019-08-13 18:04:05,377 INFO a.s.p.LogginServlet [http-nio-8081-exec-9] Trying to log in 
2019-08-13 18:04:06,148 INFO a.s.p.LogginServlet [http-nio-8081-exec-9] User=gunseful has been log in 
2019-08-13 18:04:06,161 INFO a.s.s.a.ListAdminServlet [http-nio-8081-exec-10] User=GUNSEFULrequests product list 
2019-08-13 18:04:17,104 INFO a.m.c.UserController [http-nio-8081-exec-4] product What A FUCK has been added to product list 
2019-08-13 18:04:17,112 INFO a.s.s.a.ListAdminServlet [http-nio-8081-exec-4] User=GUNSEFULrequests product list 
2019-08-13 18:04:17,129 INFO a.s.s.a.ListAdminServlet [http-nio-8081-exec-4] User=GUNSEFUL has been added new product - What A FUCK 
2019-08-13 18:04:17,131 INFO a.s.s.a.ListAdminServlet [http-nio-8081-exec-4] User=GUNSEFULrequests product list 
2019-08-13 18:04:21,416 INFO a.s.p.LangServlet [http-nio-8081-exec-9] selected english language 
2019-08-13 18:04:22,116 INFO a.s.s.a.ListAdminServlet [http-nio-8081-exec-3] User=GUNSEFULrequests product list 
2019-08-13 18:04:37,316 INFO a.m.c.UserController [http-nio-8081-exec-4] product Salt And Water has been added to product list 
2019-08-13 18:04:37,327 INFO a.s.s.a.ListAdminServlet [http-nio-8081-exec-4] User=GUNSEFULrequests product list 
2019-08-13 18:04:37,351 INFO a.s.s.a.ListAdminServlet [http-nio-8081-exec-4] User=GUNSEFUL has been added new product - Salt And Water 
2019-08-13 18:04:37,353 INFO a.s.s.a.ListAdminServlet [http-nio-8081-exec-4] User=GUNSEFULrequests product list 
2019-08-13 18:04:44,610 INFO a.s.s.OrdersServlet [http-nio-8081-exec-7] User=SEKIDADIMA has been banned 
2019-08-13 18:04:44,611 INFO a.m.c.UserController [http-nio-8081-exec-7] User= SEKIDADIMA was added to blacklist 
2019-08-13 18:04:49,020 INFO a.s.p.LogoutServlet [http-nio-8081-exec-2] User=GUNSEFUL has out 
2019-08-13 18:04:50,217 INFO a.s.f.AuthenticationFilter [http-nio-8081-exec-3] Unauthorized access request 
2019-08-13 19:35:34,884 ERROR a.s.f.AuthenticationFilter [http-nio-8081-exec-4] Unauthorized access request 
2019-08-14 07:58:48,388 ERROR a.s.f.AuthenticationFilter [http-nio-8081-exec-4] Unauthorized access request 
2019-08-14 07:58:50,233 ERROR a.s.f.AuthenticationFilter [http-nio-8081-exec-7] Unauthorized access request 
2019-08-14 07:58:51,387 INFO a.s.p.LangServlet [http-nio-8081-exec-9] selected russian language 
2019-08-14 07:58:51,451 ERROR a.s.f.AuthenticationFilter [http-nio-8081-exec-10] Unauthorized access request 
2019-08-14 07:58:51,611 ERROR a.s.f.AuthenticationFilter [http-nio-8081-exec-1] Unauthorized access request 
2019-08-14 07:58:52,440 ERROR a.s.f.AuthenticationFilter [http-nio-8081-exec-5] Unauthorized access request 
2019-08-14 07:58:52,570 ERROR a.s.f.AuthenticationFilter [http-nio-8081-exec-8] Unauthorized access request 
2019-08-14 07:58:58,123 INFO a.s.p.LogginServlet [http-nio-8081-exec-2] Trying to log in 
2019-08-14 07:58:58,949 INFO a.s.p.LogginServlet [http-nio-8081-exec-2] User=gunseful has been log in 
2019-08-14 07:58:58,964 INFO a.s.s.a.ListAdminServlet [http-nio-8081-exec-1] User=GUNSEFULrequests product list 
2019-08-14 08:00:49,802 INFO a.s.p.LangServlet [http-nio-8081-exec-6] selected russian language 
2019-08-14 08:00:54,518 INFO a.s.p.LogginServlet [http-nio-8081-exec-9] Trying to log in 
2019-08-14 08:00:55,282 INFO a.s.p.LogginServlet [http-nio-8081-exec-9] User=gunseful has been log in 
2019-08-14 08:00:55,306 INFO a.s.s.a.ListAdminServlet [http-nio-8081-exec-10] User=GUNSEFULrequests product list 
2019-08-14 08:04:04,783 INFO a.s.p.LangServlet [http-nio-8081-exec-6] selected russian language 
2019-08-14 08:04:12,279 INFO a.s.p.LogginServlet [http-nio-8081-exec-9] Trying to log in 
2019-08-14 08:04:12,894 INFO a.s.p.LogginServlet [http-nio-8081-exec-9] User=gunseful has been log in 
2019-08-14 08:04:12,912 INFO a.s.s.a.ListAdminServlet [http-nio-8081-exec-10] User=GUNSEFULrequests product list 
2019-08-14 08:06:11,757 INFO a.s.p.LangServlet [http-nio-8081-exec-6] selected russian language 
2019-08-14 08:06:17,845 INFO a.s.p.LogginServlet [http-nio-8081-exec-1] Trying to log in 
2019-08-14 08:06:18,519 INFO a.s.p.LogginServlet [http-nio-8081-exec-1] User=gunseful has been log in 
2019-08-14 08:06:18,556 INFO a.s.s.a.ListAdminServlet [http-nio-8081-exec-2] User=GUNSEFULrequests product list 
2019-08-14 08:07:31,557 INFO a.s.p.LangServlet [http-nio-8081-exec-4] selected russian language 
2019-08-14 08:07:38,614 INFO a.s.p.LogginServlet [http-nio-8081-exec-9] Trying to log in 
2019-08-14 08:07:39,241 INFO a.s.p.LogginServlet [http-nio-8081-exec-9] User=gunseful has been log in 
2019-08-14 08:07:39,260 INFO a.s.s.a.ListAdminServlet [http-nio-8081-exec-10] User=GUNSEFULrequests product list 
2019-08-14 08:08:51,077 INFO a.s.p.LangServlet [http-nio-8081-exec-4] selected russian language 
2019-08-14 08:08:57,481 INFO a.s.p.LogginServlet [http-nio-8081-exec-7] Trying to log in 
2019-08-14 08:08:58,089 INFO a.s.p.LogginServlet [http-nio-8081-exec-7] User=gunseful has been log in 
2019-08-14 08:08:58,107 INFO a.s.s.a.ListAdminServlet [http-nio-8081-exec-9] User=GUNSEFULrequests product list 
2019-08-14 08:10:48,522 INFO a.s.p.LangServlet [http-nio-8081-exec-5] selected russian language 
2019-08-14 08:10:53,963 INFO a.s.p.LogginServlet [http-nio-8081-exec-10] Trying to log in 
2019-08-14 08:10:54,667 INFO a.s.p.LogginServlet [http-nio-8081-exec-10] User=gunseful has been log in 
2019-08-14 08:10:54,683 INFO a.s.s.a.ListAdminServlet [http-nio-8081-exec-9] User=GUNSEFULrequests product list 
2019-08-14 08:14:29,500 INFO a.s.p.LangServlet [http-nio-8081-exec-4] selected russian language 
2019-08-14 08:14:34,291 INFO a.s.p.LogginServlet [http-nio-8081-exec-2] Trying to log in 
2019-08-14 08:14:35,065 INFO a.s.p.LogginServlet [http-nio-8081-exec-2] User=gunseful has been log in 
2019-08-14 08:14:35,083 INFO a.s.s.a.ListAdminServlet [http-nio-8081-exec-3] User=GUNSEFULrequests product list 
2019-08-14 08:16:52,438 INFO a.s.p.LangServlet [http-nio-8081-exec-7] selected russian language 
2019-08-14 08:16:57,144 INFO a.s.p.LogginServlet [http-nio-8081-exec-4] Trying to log in 
2019-08-14 08:16:57,749 INFO a.s.p.LogginServlet [http-nio-8081-exec-4] User=gunseful has been log in 
2019-08-14 08:16:57,763 INFO a.s.s.a.ListAdminServlet [http-nio-8081-exec-8] User=GUNSEFULrequests product list 
2019-08-14 08:19:36,313 INFO a.s.p.LangServlet [http-nio-8081-exec-4] selected russian language 
2019-08-14 08:19:40,750 INFO a.s.p.LogginServlet [http-nio-8081-exec-7] Trying to log in 
2019-08-14 08:19:41,335 INFO a.s.p.LogginServlet [http-nio-8081-exec-7] User=gunseful has been log in 
2019-08-14 08:19:41,351 INFO a.s.s.a.ListAdminServlet [http-nio-8081-exec-8] User=GUNSEFULrequests product list 
2019-08-14 08:24:11,160 INFO a.s.p.LangServlet [http-nio-8081-exec-8] selected russian language 
2019-08-14 08:24:16,006 INFO a.s.p.LogginServlet [http-nio-8081-exec-1] Trying to log in 
2019-08-14 08:24:16,302 ERROR a.s.p.LogginServlet [http-nio-8081-exec-1] failed log in 
2019-08-14 08:24:23,743 INFO a.s.p.LogginServlet [http-nio-8081-exec-4] Trying to log in 
2019-08-14 08:24:24,105 INFO a.s.p.LogginServlet [http-nio-8081-exec-4] User=gunseful has been log in 
2019-08-14 08:24:24,118 INFO a.s.s.a.ListAdminServlet [http-nio-8081-exec-5] User=GUNSEFULrequests product list 
2019-08-14 08:27:16,879 INFO a.s.p.LangServlet [http-nio-8081-exec-4] selected russian language 
2019-08-14 08:27:21,571 INFO a.s.p.LogginServlet [http-nio-8081-exec-8] Trying to log in 
2019-08-14 08:27:21,857 ERROR a.s.p.LogginServlet [http-nio-8081-exec-8] failed log in 
2019-08-14 08:27:28,533 INFO a.s.p.LogginServlet [http-nio-8081-exec-9] Trying to log in 
2019-08-14 08:27:28,912 INFO a.s.p.LogginServlet [http-nio-8081-exec-9] User=gunseful has been log in 
2019-08-14 08:27:28,925 INFO a.s.s.a.ListAdminServlet [http-nio-8081-exec-10] User=GUNSEFULrequests product list 
2019-08-14 08:27:32,539 INFO a.s.s.a.BlackListServlet [http-nio-8081-exec-3] Administrator is trying to delete user from blacklist 
2019-08-14 08:27:32,547 INFO a.m.c.UserController [http-nio-8081-exec-3] user 2 has been deleted from black list 
2019-08-14 08:27:35,758 INFO a.s.s.a.ListAdminServlet [http-nio-8081-exec-5] User=GUNSEFULrequests product list 
2019-08-14 08:27:49,568 ERROR a.s.s.OrdersServlet [http-nio-8081-exec-9] User=2 has been banned 
2019-08-14 08:27:49,570 INFO a.m.c.UserController [http-nio-8081-exec-9] User= 2 was added to blacklist 
2019-08-14 08:33:05,157 INFO a.s.p.LangServlet [http-nio-8081-exec-4] selected russian language 
2019-08-14 08:33:09,602 INFO a.s.p.LogginServlet [http-nio-8081-exec-9] Trying to log in 
2019-08-14 08:33:10,323 INFO a.s.p.LogginServlet [http-nio-8081-exec-9] User=gunseful has been log in 
2019-08-14 08:33:10,338 INFO a.s.s.a.ListAdminServlet [http-nio-8081-exec-10] User=GUNSEFULrequests product list 
2019-08-14 08:37:06,568 INFO a.s.p.LangServlet [http-nio-8081-exec-4] selected russian language 
2019-08-14 08:37:11,345 INFO a.s.p.LogginServlet [http-nio-8081-exec-9] Trying to log in 
2019-08-14 08:37:12,072 INFO a.s.p.LogginServlet [http-nio-8081-exec-9] User=gunseful has been log in 
2019-08-14 08:37:12,086 INFO a.s.s.a.ListAdminServlet [http-nio-8081-exec-10] User=GUNSEFULrequests product list 
2019-08-14 08:37:20,634 ERROR a.s.s.OrdersServlet [http-nio-8081-exec-5] User=SEKIDADIMA has been banned 
2019-08-14 08:37:20,642 INFO a.m.c.UserController [http-nio-8081-exec-5] User= SEKIDADIMA was added to blacklist 
2019-08-14 08:37:24,839 INFO a.s.s.a.BlackListServlet [http-nio-8081-exec-8] Administrator is trying to delete user from blacklist 
2019-08-14 08:37:24,842 INFO a.m.c.UserController [http-nio-8081-exec-8] user 1323 has been deleted from black list 
2019-08-14 08:44:54,141 INFO a.s.p.LangServlet [http-nio-8081-exec-4] selected russian language 
2019-08-14 08:44:58,753 INFO a.s.p.LogginServlet [http-nio-8081-exec-8] Trying to log in 
2019-08-14 08:44:59,461 INFO a.s.p.LogginServlet [http-nio-8081-exec-8] User=gunseful has been log in 
2019-08-14 08:44:59,476 INFO a.s.s.a.ListAdminServlet [http-nio-8081-exec-9] User=GUNSEFULrequests product list 
2019-08-14 08:45:05,315 ERROR a.s.s.OrdersServlet [http-nio-8081-exec-2] User=SEKIDADIMA has been banned 
2019-08-14 08:45:05,324 INFO a.m.c.UserController [http-nio-8081-exec-2] User= SEKIDADIMA was added to blacklist 
2019-08-14 08:45:08,885 INFO a.s.s.a.BlackListServlet [http-nio-8081-exec-5] Administrator is trying to delete user from blacklist 
2019-08-14 08:45:08,888 INFO a.m.c.UserController [http-nio-8081-exec-5] user 1323 has been deleted from black list 
2019-08-14 08:45:10,682 INFO a.s.s.a.BlackListServlet [http-nio-8081-exec-6] Administrator is trying to delete user from blacklist 
2019-08-14 08:45:10,691 INFO a.m.c.UserController [http-nio-8081-exec-6] user 2 has been deleted from black list 
2019-08-14 08:45:14,962 INFO a.s.p.LogoutServlet [http-nio-8081-exec-8] User=GUNSEFUL has out 
2019-08-14 08:45:21,799 ERROR a.s.f.AuthenticationFilter [http-nio-8081-exec-1] Unauthorized access request 
2019-08-14 08:45:23,648 INFO a.s.p.LangServlet [http-nio-8081-exec-4] selected russian language 
2019-08-14 08:45:27,841 INFO a.s.p.LogginServlet [http-nio-8081-exec-7] Trying to log in 
2019-08-14 08:45:27,852 INFO a.s.p.LogginServlet [http-nio-8081-exec-7] User=gunseful has been log in 
2019-08-14 08:45:27,862 INFO a.s.s.a.ListAdminServlet [http-nio-8081-exec-8] User=GUNSEFULrequests product list 
2019-08-14 08:45:31,183 ERROR a.s.s.OrdersServlet [http-nio-8081-exec-1] User=2 has been banned 
2019-08-14 08:45:31,186 INFO a.m.c.UserController [http-nio-8081-exec-1] User= 2 was added to blacklist 
2019-08-14 08:45:32,063 INFO a.s.p.LogoutServlet [http-nio-8081-exec-2] User=GUNSEFUL has out 
2019-08-14 08:45:33,015 INFO a.s.p.LangServlet [http-nio-8081-exec-4] selected russian language 
2019-08-14 08:45:34,849 INFO a.s.p.LogginServlet [http-nio-8081-exec-7] Trying to log in 
2019-08-14 08:45:34,854 ERROR a.s.p.LogginServlet [http-nio-8081-exec-7] User= 2 is in black list 
2019-08-14 08:45:47,607 INFO a.s.p.LogginServlet [http-nio-8081-exec-2] Trying to log in 
2019-08-14 08:45:47,622 INFO a.s.p.LogginServlet [http-nio-8081-exec-2] User=gunseful has been log in 
2019-08-14 08:45:47,634 INFO a.s.s.a.ListAdminServlet [http-nio-8081-exec-3] User=GUNSEFULrequests product list 
2019-08-14 08:45:50,138 INFO a.s.s.a.BlackListServlet [http-nio-8081-exec-7] Administrator is trying to delete user from blacklist 
2019-08-14 08:45:50,139 INFO a.m.c.UserController [http-nio-8081-exec-7] user 2 has been deleted from black list 
2019-08-14 08:45:51,037 INFO a.s.p.LogoutServlet [http-nio-8081-exec-9] User=GUNSEFUL has out 
2019-08-14 08:45:52,111 INFO a.s.p.LangServlet [http-nio-8081-exec-1] selected russian language 
2019-08-14 08:45:54,177 INFO a.s.p.LogginServlet [http-nio-8081-exec-5] Trying to log in 
2019-08-14 08:45:54,182 INFO a.s.p.LogginServlet [http-nio-8081-exec-5] User=2 has been log in 
2019-08-14 08:45:54,212 INFO a.s.s.c.ListClientServlet [http-nio-8081-exec-4] User=2 has requested product list 
2019-08-14 10:43:55,360 INFO a.s.p.LangServlet [http-nio-8081-exec-4] selected russian language 
2019-08-14 10:43:58,131 INFO a.s.p.LogginServlet [http-nio-8081-exec-9] Trying to log in 
2019-08-14 10:43:58,581 ERROR a.s.p.LogginServlet [http-nio-8081-exec-9] failed log in 
2019-08-14 10:44:05,291 INFO a.s.p.LogginServlet [http-nio-8081-exec-2] Trying to log in 
2019-08-14 10:44:05,323 ERROR a.s.p.LogginServlet [http-nio-8081-exec-2] failed log in 
2019-08-14 10:44:07,625 INFO a.s.p.LogginServlet [http-nio-8081-exec-3] Trying to log in 
2019-08-14 10:44:09,185 INFO a.s.p.LogginServlet [http-nio-8081-exec-3] User=2 has been log in 
2019-08-14 10:44:09,206 INFO a.s.s.c.ListClientServlet [http-nio-8081-exec-4] User=2 has requested product list 
2019-08-14 10:44:13,818 INFO a.s.s.c.ListClientServlet [http-nio-8081-exec-7] User=2 has added product to his basket 
2019-08-14 10:44:13,829 INFO a.m.c.UserController [http-nio-8081-exec-7] User=2 added 34  products to his basket 
2019-08-14 10:44:13,830 INFO a.s.s.c.ListClientServlet [http-nio-8081-exec-7] User=2 has added product to his basket 
2019-08-14 10:44:13,831 INFO a.m.c.UserController [http-nio-8081-exec-7] User=2 added 66  products to his basket 
2019-08-14 10:44:13,832 INFO a.s.s.c.ListClientServlet [http-nio-8081-exec-7] User=2 has added product to his basket 
2019-08-14 10:44:13,833 INFO a.m.c.UserController [http-nio-8081-exec-7] User=2 added 626  products to his basket 
2019-08-14 10:44:13,834 INFO a.s.s.c.ListClientServlet [http-nio-8081-exec-7] User=2 has added product to his basket 
2019-08-14 10:44:13,838 INFO a.m.c.UserController [http-nio-8081-exec-7] User=2 added 658  products to his basket 
2019-08-14 10:44:13,840 INFO a.s.s.c.ListClientServlet [http-nio-8081-exec-7] User=2 has added product to his basket 
2019-08-14 10:44:13,841 INFO a.m.c.UserController [http-nio-8081-exec-7] User=2 added 659  products to his basket 
2019-08-14 10:44:13,843 INFO a.s.s.c.ListClientServlet [http-nio-8081-exec-7] User=2 has requested product list 
2019-08-14 10:47:07,330 INFO a.s.p.LangServlet [http-nio-8081-exec-4] selected russian language 
2019-08-14 10:47:12,260 INFO a.s.p.LogginServlet [http-nio-8081-exec-9] Trying to log in 
2019-08-14 10:47:13,027 INFO a.s.p.LogginServlet [http-nio-8081-exec-9] User=gunseful has been log in 
2019-08-14 10:47:13,042 INFO a.s.s.a.ListAdminServlet [http-nio-8081-exec-10] User=GUNSEFULrequests product list 
2019-08-14 10:47:16,737 INFO a.s.p.LogoutServlet [http-nio-8081-exec-1] User=GUNSEFUL has out 
2019-08-14 10:47:17,848 INFO a.s.p.LangServlet [http-nio-8081-exec-3] selected russian language 
2019-08-14 10:47:19,708 INFO a.s.p.LogginServlet [http-nio-8081-exec-6] Trying to log in 
2019-08-14 10:47:19,729 INFO a.s.p.LogginServlet [http-nio-8081-exec-6] User=2 has been log in 
2019-08-14 10:47:19,737 INFO a.s.s.c.ListClientServlet [http-nio-8081-exec-8] User=2 has requested product list 
2019-08-14 10:47:22,002 INFO a.s.s.c.ListClientServlet [http-nio-8081-exec-10] User=2 has added product to his basket 
2019-08-14 10:47:22,007 INFO a.m.c.UserController [http-nio-8081-exec-10] Fail connect to database 
2019-08-14 10:47:22,010 INFO a.s.s.c.ListClientServlet [http-nio-8081-exec-10] User=2 has added product to his basket 
2019-08-14 10:47:22,027 INFO a.m.c.UserController [http-nio-8081-exec-10] Fail connect to database 
2019-08-14 10:47:22,042 INFO a.s.s.c.ListClientServlet [http-nio-8081-exec-10] User=2 has requested product list 
2019-08-14 10:48:40,698 INFO a.s.p.LangServlet [http-nio-8081-exec-4] selected russian language 
2019-08-14 10:48:43,072 INFO a.s.p.LogginServlet [http-nio-8081-exec-8] Trying to log in 
2019-08-14 10:48:43,800 INFO a.s.p.LogginServlet [http-nio-8081-exec-8] User=2 has been log in 
2019-08-14 10:48:43,809 INFO a.s.s.c.ListClientServlet [http-nio-8081-exec-9] User=2 has requested product list 
2019-08-14 10:48:45,938 INFO a.s.s.c.ListClientServlet [http-nio-8081-exec-10] User=2 has added product to his basket 
2019-08-14 10:48:45,946 INFO a.m.c.UserController [http-nio-8081-exec-10] User=2 added 1 product to his basket 
2019-08-14 10:48:45,946 INFO a.s.s.c.ListClientServlet [http-nio-8081-exec-10] User=2 has added product to his basket 
2019-08-14 10:48:45,948 INFO a.m.c.UserController [http-nio-8081-exec-10] User=2 added 34 product to his basket 
2019-08-14 10:48:45,948 INFO a.s.s.c.ListClientServlet [http-nio-8081-exec-10] User=2 has requested product list 
2019-08-14 11:08:13,221 INFO a.s.p.LangServlet [http-nio-8081-exec-6] selected russian language 
2019-08-14 11:08:16,803 INFO a.s.p.LogginServlet [http-nio-8081-exec-9] Trying to log in 
2019-08-14 11:08:17,101 ERROR a.s.p.LogginServlet [http-nio-8081-exec-9] failed log in 
2019-08-14 11:08:22,668 INFO a.s.p.LogginServlet [http-nio-8081-exec-1] Trying to log in 
2019-08-14 11:08:23,072 INFO a.s.p.LogginServlet [http-nio-8081-exec-1] User=2 has been log in 
2019-08-14 11:08:23,079 INFO a.s.s.c.ListClientServlet [http-nio-8081-exec-2] User=2 has requested product list 
2019-08-14 11:08:24,882 INFO a.m.c.UserController [http-nio-8081-exec-3] User=2 added  products to his basket 
2019-08-14 11:08:24,883 INFO a.s.s.c.BasketServlet [http-nio-8081-exec-3] User=2requests his basket list 
2019-08-14 11:08:40,874 INFO a.s.p.LogoutServlet [http-nio-8081-exec-6] User=2 has out 
2019-08-14 11:20:37,053 INFO a.s.p.LangServlet [http-nio-8081-exec-4] selected russian language 
2019-08-14 11:20:39,360 INFO a.s.p.LogginServlet [http-nio-8081-exec-7] Trying to log in 
2019-08-14 11:20:39,607 ERROR a.s.p.LogginServlet [http-nio-8081-exec-7] failed log in 
2019-08-14 11:20:45,057 INFO a.s.p.LogginServlet [http-nio-8081-exec-10] Trying to log in 
2019-08-14 11:20:45,468 INFO a.s.p.LogginServlet [http-nio-8081-exec-10] User=2 has been log in 
2019-08-14 11:20:45,476 INFO a.s.s.c.ListClientServlet [http-nio-8081-exec-1] User=2 has requested product list 
2019-08-14 11:20:47,015 INFO a.m.c.UserController [http-nio-8081-exec-2] User=2 added  products to his basket 
2019-08-14 11:20:47,015 INFO a.s.s.c.BasketServlet [http-nio-8081-exec-2] User=2requests his basket list 
2019-08-14 11:20:48,457 INFO a.m.c.UserController [http-nio-8081-exec-3] User=2 added  products to his basket 
2019-08-14 11:20:48,458 INFO a.s.s.c.BasketServlet [http-nio-8081-exec-3] User=2requests his basket list 
2019-08-14 11:21:22,527 INFO a.m.c.UserController [http-nio-8081-exec-6] User=2 added  products to his basket 
2019-08-14 11:21:22,527 INFO a.s.s.c.BasketServlet [http-nio-8081-exec-6] User=2requests his basket list 
2019-08-14 11:21:26,723 INFO a.m.c.UserController [http-nio-8081-exec-7] User=2 added  products to his basket 
2019-08-14 11:21:26,724 INFO a.s.s.c.BasketServlet [http-nio-8081-exec-7] User=2requests his basket list 
2019-08-14 11:21:36,913 INFO a.s.s.c.ListClientServlet [http-nio-8081-exec-1] User=2 has requested product list 
2019-08-14 11:21:39,610 INFO a.s.s.c.ListClientServlet [http-nio-8081-exec-2] User=2 has added product to his basket 
2019-08-14 11:21:39,613 INFO a.m.c.UserController [http-nio-8081-exec-2] User=2 added 626 product to his basket 
2019-08-14 11:21:39,613 INFO a.s.s.c.ListClientServlet [http-nio-8081-exec-2] User=2 has requested product list 
2019-08-14 11:21:40,464 INFO a.m.c.UserController [http-nio-8081-exec-3] User=2 added  products to his basket 
2019-08-14 11:21:40,464 INFO a.s.s.c.BasketServlet [http-nio-8081-exec-3] User=2requests his basket list 
2019-08-14 11:21:41,653 INFO a.m.c.UserController [http-nio-8081-exec-5] User=2 added  products to his basket 
2019-08-14 11:21:41,653 INFO a.s.s.c.BasketServlet [http-nio-8081-exec-5] User=2requests his basket list 
2019-08-14 11:23:18,980 INFO a.s.p.LangServlet [http-nio-8081-exec-4] selected russian language 
2019-08-14 11:23:21,359 INFO a.s.p.LogginServlet [http-nio-8081-exec-7] Trying to log in 
2019-08-14 11:23:22,060 INFO a.s.p.LogginServlet [http-nio-8081-exec-7] User=2 has been log in 
2019-08-14 11:23:22,070 INFO a.s.s.c.ListClientServlet [http-nio-8081-exec-9] User=2 has requested product list 
2019-08-14 11:23:24,089 INFO a.m.c.UserController [http-nio-8081-exec-10] User=2 added  products to his basket 
2019-08-14 11:23:24,090 INFO a.s.s.c.BasketServlet [http-nio-8081-exec-10] User=2requests his basket list 
2019-08-14 11:23:36,150 INFO a.m.c.UserController [http-nio-8081-exec-3] User=2 added  products to his basket 
2019-08-14 11:23:36,150 INFO a.s.s.c.BasketServlet [http-nio-8081-exec-3] User=2requests his basket list 
2019-08-14 11:23:40,448 INFO a.m.c.UserController [http-nio-8081-exec-4] User=2 added  products to his basket 
2019-08-14 11:23:40,448 INFO a.s.s.c.BasketServlet [http-nio-8081-exec-4] User=2requests his basket list 
2019-08-14 11:25:09,462 INFO a.s.p.LangServlet [http-nio-8081-exec-4] selected russian language 
2019-08-14 11:25:12,336 INFO a.s.p.LogginServlet [http-nio-8081-exec-9] Trying to log in 
2019-08-14 11:25:12,937 INFO a.s.p.LogginServlet [http-nio-8081-exec-9] User=2 has been log in 
2019-08-14 11:25:12,946 INFO a.s.s.c.ListClientServlet [http-nio-8081-exec-10] User=2 has requested product list 
2019-08-14 11:25:14,221 INFO a.m.c.UserController [http-nio-8081-exec-1] User=2 added  products to his basket 
2019-08-14 11:25:14,221 INFO a.s.s.c.BasketServlet [http-nio-8081-exec-1] User=2requests his basket list 
2019-08-14 11:25:17,204 INFO a.m.c.UserController [http-nio-8081-exec-2] User=2 added  products to his basket 
2019-08-14 11:25:17,204 INFO a.s.s.c.BasketServlet [http-nio-8081-exec-2] User=2requests his basket list 
2019-08-14 11:27:43,893 INFO a.s.p.LangServlet [http-nio-8081-exec-6] selected russian language 
2019-08-14 11:27:47,242 INFO a.s.p.LogginServlet [http-nio-8081-exec-9] Trying to log in 
2019-08-14 11:27:48,032 INFO a.s.p.LogginServlet [http-nio-8081-exec-9] User=2 has been log in 
2019-08-14 11:27:48,041 INFO a.s.s.c.ListClientServlet [http-nio-8081-exec-10] User=2 has requested product list 
2019-08-14 11:27:49,487 INFO a.m.c.UserController [http-nio-8081-exec-1] User=2 added  products to his basket 
2019-08-14 11:27:49,488 INFO a.s.s.c.BasketServlet [http-nio-8081-exec-1] User=2requests his basket list 
2019-08-14 11:29:34,204 INFO a.s.p.LangServlet [http-nio-8081-exec-7] selected russian language 
2019-08-14 11:29:36,659 INFO a.s.p.LogginServlet [http-nio-8081-exec-9] Trying to log in 
2019-08-14 11:29:37,650 INFO a.s.p.LogginServlet [http-nio-8081-exec-9] User=2 has been log in 
2019-08-14 11:29:37,684 INFO a.s.s.c.ListClientServlet [http-nio-8081-exec-10] User=2 has requested product list 
2019-08-14 11:29:39,096 INFO a.m.c.UserController [http-nio-8081-exec-1] User=2 added  products to his basket 
2019-08-14 11:29:39,096 INFO a.s.s.c.BasketServlet [http-nio-8081-exec-1] User=2requests his basket list 
2019-08-14 11:30:43,542 INFO a.s.p.LangServlet [http-nio-8081-exec-7] selected russian language 
2019-08-14 11:30:46,740 INFO a.s.p.LogginServlet [http-nio-8081-exec-10] Trying to log in 
2019-08-14 11:30:47,334 INFO a.s.p.LogginServlet [http-nio-8081-exec-10] User=2 has been log in 
2019-08-14 11:30:47,344 INFO a.s.s.c.ListClientServlet [http-nio-8081-exec-1] User=2 has requested product list 
2019-08-14 11:30:50,860 INFO a.s.s.c.ListClientServlet [http-nio-8081-exec-4] User=2 has requested product list 
2019-08-14 11:30:51,454 INFO a.m.c.UserController [http-nio-8081-exec-5] User=2 added  products to his basket 
2019-08-14 11:30:51,454 INFO a.s.s.c.BasketServlet [http-nio-8081-exec-5] User=2requests his basket list 
2019-08-14 11:30:52,915 INFO a.m.c.UserController [http-nio-8081-exec-8] User=2 added  products to his basket 
2019-08-14 11:30:52,915 INFO a.s.s.c.BasketServlet [http-nio-8081-exec-8] User=2requests his basket list 
2019-08-14 11:31:30,557 INFO a.m.c.UserController [http-nio-8081-exec-10] User=2 added  products to his basket 
2019-08-14 11:31:30,558 INFO a.s.s.c.BasketServlet [http-nio-8081-exec-10] User=2requests his basket list 
2019-08-14 11:33:28,288 INFO a.s.p.LangServlet [http-nio-8081-exec-4] selected russian language 
2019-08-14 11:33:30,635 INFO a.s.p.LogginServlet [http-nio-8081-exec-7] Trying to log in 
2019-08-14 11:33:31,308 INFO a.s.p.LogginServlet [http-nio-8081-exec-7] User=2 has been log in 
2019-08-14 11:33:31,315 INFO a.s.s.c.ListClientServlet [http-nio-8081-exec-8] User=2 has requested product list 
2019-08-14 11:33:33,365 INFO a.m.c.UserController [http-nio-8081-exec-1] User=2 added  products to his basket 
2019-08-14 11:33:33,365 INFO a.s.s.c.BasketServlet [http-nio-8081-exec-1] User=2requests his basket list 
2019-08-14 11:33:34,957 INFO a.m.c.UserController [http-nio-8081-exec-2] User=2 added  products to his basket 
2019-08-14 11:33:34,958 INFO a.s.s.c.BasketServlet [http-nio-8081-exec-2] User=2requests his basket list 
2019-08-14 11:35:31,838 INFO a.s.p.LangServlet [http-nio-8081-exec-4] selected russian language 
2019-08-14 11:35:34,021 INFO a.s.p.LogginServlet [http-nio-8081-exec-9] Trying to log in 
2019-08-14 11:35:34,880 INFO a.s.p.LogginServlet [http-nio-8081-exec-9] User=2 has been log in 
2019-08-14 11:35:34,888 INFO a.s.s.c.ListClientServlet [http-nio-8081-exec-10] User=2 has requested product list 
2019-08-14 11:35:36,457 INFO a.m.c.UserController [http-nio-8081-exec-1] User=2 added  products to his basket 
2019-08-14 11:35:36,457 INFO a.s.s.c.BasketServlet [http-nio-8081-exec-1] User=2requests his basket list 
2019-08-14 11:35:37,898 INFO a.s.s.c.BasketServlet [http-nio-8081-exec-2] User=2 delete product from his basket 
2019-08-14 11:35:37,900 INFO a.m.c.UserController [http-nio-8081-exec-2] product 35 has been deleted from basket list 
2019-08-14 11:35:37,906 INFO a.m.c.UserController [http-nio-8081-exec-2] User=2 added  products to his basket 
2019-08-14 11:35:37,907 INFO a.s.s.c.BasketServlet [http-nio-8081-exec-2] User=2requests his basket list 
2019-08-14 11:55:16,017 INFO a.s.p.LangServlet [http-nio-8081-exec-6] selected russian language 
2019-08-14 11:55:19,251 INFO a.s.p.LogginServlet [http-nio-8081-exec-1] Trying to log in 
2019-08-14 11:55:19,510 ERROR a.s.p.LogginServlet [http-nio-8081-exec-1] failed log in 
2019-08-14 11:55:24,635 INFO a.s.p.LogginServlet [http-nio-8081-exec-3] Trying to log in 
2019-08-14 11:55:25,023 INFO a.s.p.LogginServlet [http-nio-8081-exec-3] User=2 has been log in 
2019-08-14 11:55:25,030 INFO a.s.s.c.ListClientServlet [http-nio-8081-exec-2] User=2 has requested product list 
2019-08-14 11:55:32,108 INFO a.s.p.LogoutServlet [http-nio-8081-exec-7] User=2 has out 
2019-08-14 11:55:34,343 INFO a.s.p.LangServlet [http-nio-8081-exec-10] selected russian language 
2019-08-14 11:55:43,644 INFO a.s.p.LogginServlet [http-nio-8081-exec-4] Trying to log in 
2019-08-14 11:55:43,657 INFO a.s.p.LogginServlet [http-nio-8081-exec-4] User=gunseful has been log in 
2019-08-14 11:55:43,674 INFO a.s.s.a.ListAdminServlet [http-nio-8081-exec-5] User=GUNSEFULrequests product list 
2019-08-14 11:56:03,692 ERROR a.s.s.OrdersServlet [http-nio-8081-exec-8] User=2 has been banned 
2019-08-14 11:56:03,700 INFO a.m.c.UserController [http-nio-8081-exec-8] User= 2 was added to blacklist 
2019-08-14 11:56:07,003 INFO a.s.s.a.BlackListServlet [http-nio-8081-exec-2] Administrator is trying to delete user from blacklist 
2019-08-14 11:56:07,005 INFO a.m.c.UserController [http-nio-8081-exec-2] user 2 has been deleted from black list 
2019-08-14 11:56:10,759 INFO a.s.p.LangServlet [http-nio-8081-exec-9] selected english language 
2019-08-14 11:56:14,060 INFO a.s.s.a.ListAdminServlet [http-nio-8081-exec-2] User=GUNSEFULrequests product list 
2019-08-14 11:56:51,772 INFO a.s.p.LogoutServlet [http-nio-8081-exec-5] User=GUNSEFUL has out 
2019-08-14 11:56:53,281 ERROR a.s.f.AuthenticationFilter [http-nio-8081-exec-6] Unauthorized access request 
2019-08-14 14:47:05,377 ERROR a.s.f.AuthenticationFilter [http-nio-8081-exec-5] Unauthorized access request 
2019-08-14 14:47:06,243 INFO a.s.p.LangServlet [http-nio-8081-exec-7] selected russian language 
2019-08-14 14:47:06,448 ERROR a.s.f.AuthenticationFilter [http-nio-8081-exec-4] Unauthorized access request 
2019-08-14 14:47:07,061 ERROR a.s.f.AuthenticationFilter [http-nio-8081-exec-6] Unauthorized access request 
2019-08-14 14:47:08,606 INFO a.s.p.LogginServlet [http-nio-8081-exec-1] Trying to log in 
2019-08-14 14:47:08,927 ERROR a.s.p.LogginServlet [http-nio-8081-exec-1] failed log in 
2019-08-14 14:47:09,183 ERROR a.s.f.AuthenticationFilter [http-nio-8081-exec-7] Unauthorized access request 
2019-08-14 14:47:14,115 INFO a.s.p.LogginServlet [http-nio-8081-exec-4] Trying to log in 
2019-08-14 14:47:14,727 INFO a.s.p.LogginServlet [http-nio-8081-exec-4] User=2 has been log in 
2019-08-14 14:47:14,737 INFO a.s.s.c.ListClientServlet [http-nio-8081-exec-9] User=2 has requested product list 
2019-08-14 14:47:17,666 INFO a.s.s.c.ListClientServlet [http-nio-8081-exec-10] User=2 has added product to his basket 
2019-08-14 14:47:17,673 INFO a.m.c.UserController [http-nio-8081-exec-10] User=2 added 66 product to his basket 
2019-08-14 14:47:17,674 INFO a.s.s.c.ListClientServlet [http-nio-8081-exec-10] User=2 has added product to his basket 
2019-08-14 14:47:17,675 INFO a.m.c.UserController [http-nio-8081-exec-10] User=2 added 626 product to his basket 
2019-08-14 14:47:17,675 INFO a.s.s.c.ListClientServlet [http-nio-8081-exec-10] User=2 has requested product list 
2019-08-14 14:47:18,633 INFO a.s.s.c.BasketServlet [http-nio-8081-exec-5] User=2requests his basket list 
2019-08-14 14:47:21,321 INFO a.m.c.UserController [http-nio-8081-exec-1] basket was ordered 
2019-08-14 14:47:21,321 INFO a.s.s.c.BasketServlet [http-nio-8081-exec-1] User=2 makes order 
2019-08-14 14:47:21,322 INFO a.s.s.c.BasketServlet [http-nio-8081-exec-1] User=2requests his basket list 
2019-08-14 14:47:24,713 INFO a.s.s.c.ListClientServlet [http-nio-8081-exec-4] User=2 has requested product list 
2019-08-14 14:47:25,501 INFO a.s.s.c.BasketServlet [http-nio-8081-exec-9] User=2requests his basket list 
2019-08-14 15:04:08,578 ERROR a.s.f.AuthenticationFilter [http-nio-8081-exec-6] Unauthorized access request 
2019-08-14 15:04:10,277 INFO a.s.p.LangServlet [http-nio-8081-exec-8] selected russian language 
2019-08-14 15:04:10,357 ERROR a.s.f.AuthenticationFilter [http-nio-8081-exec-10] Unauthorized access request 
2019-08-14 15:04:11,151 ERROR a.s.f.AuthenticationFilter [http-nio-8081-exec-3] Unauthorized access request 
2019-08-14 15:04:13,216 INFO a.s.p.LogginServlet [http-nio-8081-exec-5] Trying to log in 
2019-08-14 15:04:13,487 ERROR a.s.p.LogginServlet [http-nio-8081-exec-5] failed log in 
2019-08-14 15:04:13,538 ERROR a.s.f.AuthenticationFilter [http-nio-8081-exec-6] Unauthorized access request 
2019-08-14 15:04:18,422 INFO a.s.p.LogginServlet [http-nio-8081-exec-10] Trying to log in 
2019-08-14 15:04:18,938 INFO a.s.p.LogginServlet [http-nio-8081-exec-10] User=2 has been log in 
2019-08-14 15:04:18,947 INFO a.s.s.c.ListClientServlet [http-nio-8081-exec-1] User=2 has requested product list 
2019-08-14 15:04:20,352 INFO a.m.c.UserController [http-nio-8081-exec-3] Fail connect to database 
2019-08-14 15:06:13,203 INFO a.s.p.LangServlet [http-nio-8081-exec-4] selected russian language 
2019-08-14 15:06:15,974 INFO a.s.p.LogginServlet [http-nio-8081-exec-7] Trying to log in 
2019-08-14 15:06:16,722 INFO a.s.p.LogginServlet [http-nio-8081-exec-7] User=2 has been log in 
2019-08-14 15:06:16,761 INFO a.s.s.c.ListClientServlet [http-nio-8081-exec-8] User=2 has requested product list 
2019-08-14 15:06:18,038 INFO a.m.c.UserController [http-nio-8081-exec-1] Fail connect to database 
2019-08-14 15:08:57,520 INFO a.s.p.LangServlet [http-nio-8081-exec-4] selected russian language 
2019-08-14 15:09:01,573 INFO a.s.p.LogginServlet [http-nio-8081-exec-9] Trying to log in 
2019-08-14 15:09:01,873 ERROR a.s.p.LogginServlet [http-nio-8081-exec-9] failed log in 
2019-08-14 15:09:06,340 INFO a.s.p.LogginServlet [http-nio-8081-exec-10] Trying to log in 
2019-08-14 15:09:06,794 INFO a.s.p.LogginServlet [http-nio-8081-exec-10] User=2 has been log in 
2019-08-14 15:09:06,806 INFO a.s.s.c.ListClientServlet [http-nio-8081-exec-1] User=2 has requested product list 
2019-08-14 15:09:08,911 INFO a.m.c.UserController [http-nio-8081-exec-4] Fail connect to database 
2019-08-14 15:11:04,912 INFO a.s.p.LangServlet [http-nio-8081-exec-4] selected russian language 
2019-08-14 15:11:08,269 INFO a.s.p.LogginServlet [http-nio-8081-exec-9] Trying to log in 
2019-08-14 15:11:08,901 INFO a.s.p.LogginServlet [http-nio-8081-exec-9] User=2 has been log in 
2019-08-14 15:11:08,914 INFO a.s.s.c.ListClientServlet [http-nio-8081-exec-10] User=2 has requested product list 
2019-08-14 15:11:10,585 INFO a.m.c.UserController [http-nio-8081-exec-1] Fail connect to database 
2019-08-14 15:12:45,352 INFO a.s.p.LangServlet [http-nio-8081-exec-6] selected russian language 
2019-08-14 15:12:48,676 INFO a.s.p.LogginServlet [http-nio-8081-exec-1] Trying to log in 
2019-08-14 15:12:49,399 INFO a.s.p.LogginServlet [http-nio-8081-exec-1] User=2 has been log in 
2019-08-14 15:12:49,411 INFO a.s.s.c.ListClientServlet [http-nio-8081-exec-2] User=2 has requested product list 
2019-08-14 15:12:51,114 INFO a.m.c.UserController [http-nio-8081-exec-3] Fail connect to database 
2019-08-14 15:14:24,048 INFO a.s.p.LangServlet [http-nio-8081-exec-4] selected russian language 
2019-08-14 15:14:27,605 INFO a.s.p.LogginServlet [http-nio-8081-exec-7] Trying to log in 
2019-08-14 15:14:28,201 INFO a.s.p.LogginServlet [http-nio-8081-exec-7] User=2 has been log in 
2019-08-14 15:14:28,211 INFO a.s.s.c.ListClientServlet [http-nio-8081-exec-9] User=2 has requested product list 
2019-08-14 15:16:12,510 INFO a.s.p.LangServlet [http-nio-8081-exec-6] selected russian language 
2019-08-14 15:16:15,505 INFO a.s.p.LogginServlet [http-nio-8081-exec-9] Trying to log in 
2019-08-14 15:16:16,239 INFO a.s.p.LogginServlet [http-nio-8081-exec-9] User=2 has been log in 
2019-08-14 15:16:16,250 INFO a.s.s.c.ListClientServlet [http-nio-8081-exec-10] User=2 has requested product list 
2019-08-14 15:36:19,162 INFO a.s.p.LangServlet [http-nio-8081-exec-6] selected russian language 
2019-08-14 15:36:22,012 INFO a.s.p.LogginServlet [http-nio-8081-exec-9] Trying to log in 
2019-08-14 15:36:22,633 INFO a.s.p.LogginServlet [http-nio-8081-exec-9] User=2 has been log in 
2019-08-14 15:36:22,643 INFO a.s.s.c.ListClientServlet [http-nio-8081-exec-10] User=2 has requested product list 
2019-08-14 15:36:25,236 INFO a.s.s.c.ListClientServlet [http-nio-8081-exec-1] User=2 has added product to his basket 
2019-08-14 15:36:25,242 INFO a.m.c.UserController [http-nio-8081-exec-1] User=2 added 658 product to his basket 
2019-08-14 15:36:25,243 INFO a.s.s.c.ListClientServlet [http-nio-8081-exec-1] User=2 has requested product list 
2019-08-14 15:36:26,205 INFO a.s.s.c.BasketServlet [http-nio-8081-exec-3] User=2requests his basket list 
2019-08-14 15:36:27,494 INFO a.m.c.UserController [http-nio-8081-exec-2] Fail connect to database 
2019-08-14 15:36:27,498 INFO a.s.s.c.BasketServlet [http-nio-8081-exec-2] User=2 makes order 
2019-08-14 15:36:27,499 INFO a.s.s.c.BasketServlet [http-nio-8081-exec-2] User=2requests his basket list 
2019-08-14 15:38:32,396 INFO a.s.p.LangServlet [http-nio-8081-exec-4] selected russian language 
2019-08-14 15:38:36,927 INFO a.s.p.LogginServlet [http-nio-8081-exec-7] Trying to log in 
2019-08-14 15:38:37,527 INFO a.s.p.LogginServlet [http-nio-8081-exec-7] User=2 has been log in 
2019-08-14 15:38:37,535 INFO a.s.s.c.ListClientServlet [http-nio-8081-exec-8] User=2 has requested product list 
2019-08-14 15:38:39,795 INFO a.s.s.c.ListClientServlet [http-nio-8081-exec-1] User=2 has added product to his basket 
2019-08-14 15:38:39,805 INFO a.m.c.UserController [http-nio-8081-exec-1] User=2 added 658 product to his basket 
2019-08-14 15:38:39,806 INFO a.s.s.c.ListClientServlet [http-nio-8081-exec-1] User=2 has requested product list 
2019-08-14 15:38:40,451 INFO a.s.s.c.BasketServlet [http-nio-8081-exec-2] User=2requests his basket list 
2019-08-14 15:38:42,896 INFO a.m.c.UserController [http-nio-8081-exec-3] basket was ordered 
2019-08-14 15:38:42,896 INFO a.s.s.c.BasketServlet [http-nio-8081-exec-3] User=2 makes order 
2019-08-14 15:38:42,897 INFO a.s.s.c.BasketServlet [http-nio-8081-exec-3] User=2requests his basket list 
2019-08-14 15:40:06,714 INFO a.s.p.LangServlet [http-nio-8081-exec-4] selected russian language 
2019-08-14 15:40:09,285 INFO a.s.p.LogginServlet [http-nio-8081-exec-9] Trying to log in 
2019-08-14 15:40:10,060 INFO a.s.p.LogginServlet [http-nio-8081-exec-9] User=2 has been log in 
2019-08-14 15:40:10,071 INFO a.s.s.c.ListClientServlet [http-nio-8081-exec-10] User=2 has requested product list 
2019-08-14 15:40:12,523 INFO a.s.s.c.ListClientServlet [http-nio-8081-exec-1] User=2 has added product to his basket 
2019-08-14 15:40:12,532 INFO a.m.c.UserController [http-nio-8081-exec-1] User=2 added 658 product to his basket 
2019-08-14 15:40:12,533 INFO a.s.s.c.ListClientServlet [http-nio-8081-exec-1] User=2 has requested product list 
2019-08-14 15:41:21,692 INFO a.s.p.LangServlet [http-nio-8081-exec-4] selected russian language 
2019-08-14 15:41:24,589 INFO a.s.p.LogginServlet [http-nio-8081-exec-7] Trying to log in 
2019-08-14 15:41:24,853 ERROR a.s.p.LogginServlet [http-nio-8081-exec-7] failed log in 
2019-08-14 15:41:29,410 INFO a.s.p.LogginServlet [http-nio-8081-exec-10] Trying to log in 
2019-08-14 15:41:29,830 INFO a.s.p.LogginServlet [http-nio-8081-exec-10] User=2 has been log in 
2019-08-14 15:41:29,838 INFO a.s.s.c.ListClientServlet [http-nio-8081-exec-1] User=2 has requested product list 
2019-08-14 15:41:32,146 INFO a.s.s.c.BasketServlet [http-nio-8081-exec-2] User=2requests his basket list 
2019-08-14 15:41:33,796 INFO a.m.c.UserController [http-nio-8081-exec-3] basket was ordered 
2019-08-14 15:41:33,796 INFO a.s.s.c.BasketServlet [http-nio-8081-exec-3] User=2 makes order 
2019-08-14 15:41:33,798 INFO a.s.s.c.BasketServlet [http-nio-8081-exec-3] User=2requests his basket list 
2019-08-14 15:42:40,492 INFO a.s.p.LangServlet [http-nio-8081-exec-6] selected russian language 
2019-08-14 15:42:43,822 INFO a.s.p.LogginServlet [http-nio-8081-exec-9] Trying to log in 
2019-08-14 15:42:44,570 INFO a.s.p.LogginServlet [http-nio-8081-exec-9] User=2 has been log in 
2019-08-14 15:42:44,579 INFO a.s.s.c.ListClientServlet [http-nio-8081-exec-4] User=2 has requested product list 
2019-08-14 15:42:46,977 INFO a.s.s.c.BasketServlet [http-nio-8081-exec-8] User=2requests his basket list 
2019-08-14 15:42:49,810 INFO a.s.s.c.ListClientServlet [http-nio-8081-exec-6] User=2 has requested product list 
2019-08-14 15:42:51,296 INFO a.s.s.c.ListClientServlet [http-nio-8081-exec-3] User=2 has added product to his basket 
2019-08-14 15:42:51,305 INFO a.m.c.UserController [http-nio-8081-exec-3] User=2 added 34 product to his basket 
2019-08-14 15:42:51,306 INFO a.s.s.c.ListClientServlet [http-nio-8081-exec-3] User=2 has requested product list 
2019-08-14 15:42:51,888 INFO a.s.s.c.BasketServlet [http-nio-8081-exec-7] User=2requests his basket list 
2019-08-14 15:42:52,845 INFO a.m.c.UserController [http-nio-8081-exec-9] basket was ordered 
2019-08-14 15:42:52,845 INFO a.s.s.c.BasketServlet [http-nio-8081-exec-9] User=2 makes order 
2019-08-14 15:42:52,847 INFO a.s.s.c.BasketServlet [http-nio-8081-exec-9] User=2requests his basket list 
2019-08-14 15:42:55,375 INFO a.s.p.LogoutServlet [http-nio-8081-exec-8] User=2 has out 
2019-08-14 15:57:29,333 INFO a.s.p.LangServlet [http-nio-8081-exec-5] selected russian language 
2019-08-14 15:57:31,913 INFO a.s.p.LogginServlet [http-nio-8081-exec-8] Trying to log in 
2019-08-14 15:57:32,173 ERROR a.s.p.LogginServlet [http-nio-8081-exec-8] failed log in 
2019-08-14 15:57:36,634 INFO a.s.p.LogginServlet [http-nio-8081-exec-10] Trying to log in 
2019-08-14 15:57:36,664 ERROR a.s.p.LogginServlet [http-nio-8081-exec-10] failed log in 
2019-08-14 15:57:39,208 INFO a.s.p.LogginServlet [http-nio-8081-exec-1] Trying to log in 
2019-08-14 15:57:39,622 INFO a.s.p.LogginServlet [http-nio-8081-exec-1] User=2 has been log in 
2019-08-14 15:57:39,629 INFO a.s.s.c.ListClientServlet [http-nio-8081-exec-3] User=2 has requested product list 
2019-08-14 15:58:02,717 INFO a.s.s.c.ListClientServlet [http-nio-8081-exec-8] User=2 has requested product list 
2019-08-14 15:58:06,760 INFO a.s.s.c.ListClientServlet [http-nio-8081-exec-3] User=2 has requested product list 
2019-08-14 15:58:21,331 INFO a.s.s.OrdersServlet [http-nio-8081-exec-9] User=2 has payed order 
2019-08-14 15:58:21,335 INFO a.m.c.UserController [http-nio-8081-exec-9] Fail connect to database 
2019-08-14 15:58:23,289 INFO a.s.s.OrdersServlet [http-nio-8081-exec-2] User=2 has deleted order 0 
2019-08-14 15:58:23,294 INFO a.m.c.UserController [http-nio-8081-exec-2] Order= 0 was deleted from database 
2019-08-14 16:00:17,405 INFO a.s.p.LangServlet [http-nio-8081-exec-4] selected russian language 
2019-08-14 16:00:20,199 INFO a.s.p.LogginServlet [http-nio-8081-exec-7] Trying to log in 
2019-08-14 16:00:20,940 INFO a.s.p.LogginServlet [http-nio-8081-exec-7] User=2 has been log in 
2019-08-14 16:00:20,950 INFO a.s.s.c.ListClientServlet [http-nio-8081-exec-8] User=2 has requested product list 
2019-08-14 16:02:47,741 INFO a.s.p.LangServlet [http-nio-8081-exec-6] selected russian language 
2019-08-14 16:02:48,796 INFO a.s.p.RegistrationServlet [http-nio-8081-exec-8] registration is succesful 
2019-08-14 16:02:51,902 INFO a.s.p.LogginServlet [http-nio-8081-exec-1] Trying to log in 
2019-08-14 16:02:52,672 INFO a.s.p.LogginServlet [http-nio-8081-exec-1] User=2 has been log in 
2019-08-14 16:02:52,682 INFO a.s.s.c.ListClientServlet [http-nio-8081-exec-2] User=2 has requested product list 
2019-08-14 16:05:01,489 INFO a.s.p.LangServlet [http-nio-8081-exec-4] selected russian language 
2019-08-14 16:05:04,516 INFO a.s.p.LogginServlet [http-nio-8081-exec-7] Trying to log in 
2019-08-14 16:05:05,233 INFO a.s.p.LogginServlet [http-nio-8081-exec-7] User=2 has been log in 
2019-08-14 16:05:05,243 INFO a.s.s.c.ListClientServlet [http-nio-8081-exec-8] User=2 has requested product list 
2019-08-14 16:06:47,532 INFO a.s.p.LangServlet [http-nio-8081-exec-4] selected russian language 
2019-08-14 16:06:51,222 INFO a.s.p.LogginServlet [http-nio-8081-exec-9] Trying to log in 
2019-08-14 16:06:51,827 INFO a.s.p.LogginServlet [http-nio-8081-exec-9] User=2 has been log in 
2019-08-14 16:06:51,836 INFO a.s.s.c.ListClientServlet [http-nio-8081-exec-10] User=2 has requested product list 
2019-08-14 16:08:55,633 INFO a.s.p.LangServlet [http-nio-8081-exec-6] selected russian language 
2019-08-14 16:08:58,421 INFO a.s.p.LogginServlet [http-nio-8081-exec-9] Trying to log in 
2019-08-14 16:08:59,062 INFO a.s.p.LogginServlet [http-nio-8081-exec-9] User=2 has been log in 
2019-08-14 16:08:59,070 INFO a.s.s.c.ListClientServlet [http-nio-8081-exec-10] User=2 has requested product list 
2019-08-14 16:13:47,855 INFO a.s.p.LangServlet [http-nio-8081-exec-4] selected russian language 
2019-08-14 16:13:50,848 INFO a.s.p.LogginServlet [http-nio-8081-exec-7] Trying to log in 
2019-08-14 16:13:51,586 INFO a.s.p.LogginServlet [http-nio-8081-exec-7] User=2 has been log in 
2019-08-14 16:13:51,594 INFO a.s.s.c.ListClientServlet [http-nio-8081-exec-8] User=2 has requested product list 
2019-08-14 16:13:52,833 INFO a.m.c.UserController [http-nio-8081-exec-9] Fail connect to database 
2019-08-14 16:15:26,709 INFO a.s.p.LangServlet [http-nio-8081-exec-4] selected russian language 
2019-08-14 16:15:29,225 INFO a.s.p.LogginServlet [http-nio-8081-exec-7] Trying to log in 
2019-08-14 16:15:29,872 INFO a.s.p.LogginServlet [http-nio-8081-exec-7] User=2 has been log in 
2019-08-14 16:15:29,881 INFO a.s.s.c.ListClientServlet [http-nio-8081-exec-8] User=2 has requested product list 
2019-08-14 16:15:32,552 INFO a.s.s.c.BasketServlet [http-nio-8081-exec-9] User=2requests his basket list 
2019-08-14 16:17:16,812 INFO a.s.p.LangServlet [http-nio-8081-exec-9] selected russian language 
2019-08-14 16:17:19,721 INFO a.s.p.LogginServlet [http-nio-8081-exec-3] Trying to log in 
2019-08-14 16:17:20,354 INFO a.s.p.LogginServlet [http-nio-8081-exec-3] User=2 has been log in 
2019-08-14 16:17:20,362 INFO a.s.s.c.ListClientServlet [http-nio-8081-exec-10] User=2 has requested product list 
2019-08-14 16:19:47,245 INFO a.s.p.LangServlet [http-nio-8081-exec-4] selected russian language 
2019-08-14 16:19:49,532 INFO a.s.p.LogginServlet [http-nio-8081-exec-9] Trying to log in 
2019-08-14 16:19:49,775 ERROR a.s.p.LogginServlet [http-nio-8081-exec-9] failed log in 
2019-08-14 16:19:53,994 INFO a.s.p.LogginServlet [http-nio-8081-exec-10] Trying to log in 
2019-08-14 16:19:54,382 INFO a.s.p.LogginServlet [http-nio-8081-exec-10] User=2 has been log in 
2019-08-14 16:19:54,391 INFO a.s.s.c.ListClientServlet [http-nio-8081-exec-1] User=2 has requested product list 
2019-08-14 16:19:58,669 INFO a.s.s.OrdersServlet [http-nio-8081-exec-5] User=2 has payed order 
2019-08-14 16:19:58,673 INFO a.m.c.UserController [http-nio-8081-exec-5] Fail connect to database 
2019-08-14 16:20:08,095 INFO a.s.s.OrdersServlet [http-nio-8081-exec-6] User=2 has payed order 
2019-08-14 16:20:08,102 INFO a.m.c.UserController [http-nio-8081-exec-6] Fail connect to database 
2019-08-14 16:21:35,570 INFO a.s.p.LangServlet [http-nio-8081-exec-4] selected russian language 
2019-08-14 16:21:37,853 INFO a.s.p.LogginServlet [http-nio-8081-exec-7] Trying to log in 
2019-08-14 16:21:38,589 INFO a.s.p.LogginServlet [http-nio-8081-exec-7] User=2 has been log in 
2019-08-14 16:21:38,600 INFO a.s.s.c.ListClientServlet [http-nio-8081-exec-8] User=2 has requested product list 
2019-08-14 16:21:42,997 INFO a.s.s.OrdersServlet [http-nio-8081-exec-10] User=2 has payed order 
2019-08-14 16:21:43,002 INFO a.m.c.UserController [http-nio-8081-exec-10] Fail connect to database 
2019-08-14 16:21:55,569 INFO a.s.s.OrdersServlet [http-nio-8081-exec-3] User=2 has payed order 
2019-08-14 16:21:55,571 INFO a.m.c.UserController [http-nio-8081-exec-3] Fail connect to database 
2019-08-14 16:24:04,399 INFO a.s.p.LangServlet [http-nio-8081-exec-6] selected russian language 
2019-08-14 16:24:06,589 INFO a.s.p.LogginServlet [http-nio-8081-exec-9] Trying to log in 
2019-08-14 16:24:06,882 ERROR a.s.p.LogginServlet [http-nio-8081-exec-9] failed log in 
2019-08-14 16:24:11,791 INFO a.s.p.LogginServlet [http-nio-8081-exec-10] Trying to log in 
2019-08-14 16:24:12,207 INFO a.s.p.LogginServlet [http-nio-8081-exec-10] User=2 has been log in 
2019-08-14 16:24:12,216 INFO a.s.s.c.ListClientServlet [http-nio-8081-exec-1] User=2 has requested product list 
2019-08-14 16:24:19,209 INFO a.s.s.OrdersServlet [http-nio-8081-exec-4] User=2 has payed order 
2019-08-14 16:24:19,213 INFO a.m.c.UserController [http-nio-8081-exec-4] Fail connect to database 
2019-08-14 16:26:41,984 INFO a.s.p.LangServlet [http-nio-8081-exec-6] selected russian language 
2019-08-14 16:26:44,948 INFO a.s.p.LogginServlet [http-nio-8081-exec-10] Trying to log in 
2019-08-14 16:26:45,693 INFO a.s.p.LogginServlet [http-nio-8081-exec-10] User=2 has been log in 
2019-08-14 16:26:45,701 INFO a.s.s.c.ListClientServlet [http-nio-8081-exec-1] User=2 has requested product list 
2019-08-14 16:26:49,859 INFO a.s.s.OrdersServlet [http-nio-8081-exec-3] User=2 has payed order 
2019-08-14 16:26:49,871 INFO a.m.c.UserController [http-nio-8081-exec-3] basket was ordered 
2019-08-14 16:33:02,716 INFO a.s.p.LangServlet [http-nio-8081-exec-4] selected russian language 
2019-08-14 16:33:05,423 INFO a.s.p.LogginServlet [http-nio-8081-exec-9] Trying to log in 
2019-08-14 16:33:06,237 INFO a.s.p.LogginServlet [http-nio-8081-exec-9] User=2 has been log in 
2019-08-14 16:33:06,246 INFO a.s.s.c.ListClientServlet [http-nio-8081-exec-10] User=2 has requested product list 
2019-08-14 16:33:11,216 INFO a.s.s.OrdersServlet [http-nio-8081-exec-2] User=2 has deleted order 101 
2019-08-14 16:33:11,224 INFO a.m.c.UserController [http-nio-8081-exec-2] Order= 101 was deleted from database 
2019-08-14 16:33:11,226 INFO a.m.c.UserController [http-nio-8081-exec-2] Fail connect to database 
2019-08-14 16:36:01,962 INFO a.s.p.LangServlet [http-nio-8081-exec-4] selected russian language 
2019-08-14 16:36:04,459 INFO a.s.p.LogginServlet [http-nio-8081-exec-9] Trying to log in 
2019-08-14 16:36:04,778 ERROR a.s.p.LogginServlet [http-nio-8081-exec-9] failed log in 
2019-08-14 16:36:09,173 INFO a.s.p.LogginServlet [http-nio-8081-exec-10] Trying to log in 
2019-08-14 16:36:09,640 INFO a.s.p.LogginServlet [http-nio-8081-exec-10] User=2 has been log in 
2019-08-14 16:36:09,648 INFO a.s.s.c.ListClientServlet [http-nio-8081-exec-1] User=2 has requested product list 
2019-08-14 16:36:11,008 INFO a.m.c.UserController [http-nio-8081-exec-2] Fail connect to database 
2019-08-14 16:42:52,495 INFO a.s.p.LangServlet [http-nio-8081-exec-4] selected russian language 
2019-08-14 16:42:56,438 INFO a.s.p.LogginServlet [http-nio-8081-exec-8] Trying to log in 
2019-08-14 16:42:56,748 ERROR a.s.p.LogginServlet [http-nio-8081-exec-8] failed log in 
2019-08-14 16:43:01,220 INFO a.s.p.LogginServlet [http-nio-8081-exec-9] Trying to log in 
2019-08-14 16:43:01,603 INFO a.s.p.LogginServlet [http-nio-8081-exec-9] User=2 has been log in 
2019-08-14 16:43:01,611 INFO a.s.s.c.ListClientServlet [http-nio-8081-exec-10] User=2 has requested product list 
2019-08-14 16:43:07,277 INFO a.s.s.OrdersServlet [http-nio-8081-exec-3] User=2 has deleted order 2 
2019-08-14 16:43:07,293 INFO a.m.c.UserController [http-nio-8081-exec-3] Order= 2 was deleted from database 
2019-08-14 16:43:49,285 INFO a.s.p.LangServlet [http-nio-8081-exec-4] selected russian language 
2019-08-14 16:43:53,899 INFO a.s.p.LogginServlet [http-nio-8081-exec-9] Trying to log in 
2019-08-14 16:43:54,612 INFO a.s.p.LogginServlet [http-nio-8081-exec-9] User=2 has been log in 
2019-08-14 16:43:54,621 INFO a.s.s.c.ListClientServlet [http-nio-8081-exec-10] User=2 has requested product list 
2019-08-14 16:43:56,536 INFO a.m.c.UserController [http-nio-8081-exec-1] Fail connect to database 
2019-08-14 16:43:59,211 INFO a.s.s.c.ListClientServlet [http-nio-8081-exec-3] User=2 has requested product list 
2019-08-14 16:44:02,364 INFO a.s.s.c.ListClientServlet [http-nio-8081-exec-4] User=2 has added product to his basket 
2019-08-14 16:44:02,374 INFO a.m.c.UserController [http-nio-8081-exec-4] User=2 added 1 product to his basket 
2019-08-14 16:44:02,375 INFO a.s.s.c.ListClientServlet [http-nio-8081-exec-4] User=2 has requested product list 
2019-08-14 16:44:04,651 INFO a.s.s.c.BasketServlet [http-nio-8081-exec-8] User=2requests his basket list 
2019-08-14 16:44:06,254 INFO a.m.c.UserController [http-nio-8081-exec-7] basket was ordered 
2019-08-14 16:44:06,254 INFO a.s.s.c.BasketServlet [http-nio-8081-exec-7] User=2 makes order 
2019-08-14 16:44:06,255 INFO a.s.s.c.BasketServlet [http-nio-8081-exec-7] User=2requests his basket list 
2019-08-14 16:44:10,729 INFO a.s.s.OrdersServlet [http-nio-8081-exec-10] User=2 has payed order 
2019-08-14 16:44:10,731 INFO a.m.c.UserController [http-nio-8081-exec-10] basket was ordered 
2019-08-14 16:44:21,205 INFO a.s.p.LangServlet [http-nio-8081-exec-6] selected english language 
2019-08-14 16:44:21,944 INFO a.s.s.c.ListClientServlet [http-nio-8081-exec-9] User=2 has requested product list 
2019-08-14 16:44:26,627 INFO a.s.s.OrdersServlet [http-nio-8081-exec-3] User=2 has deleted order 133 
2019-08-14 16:44:26,629 INFO a.m.c.UserController [http-nio-8081-exec-3] Order= 133 was deleted from database 
2019-08-14 16:44:26,629 INFO a.m.c.UserController [http-nio-8081-exec-3] Fail connect to database 
